<?xml version="1.0" encoding="UTF-8"?>
<testsuite xmlns:xsi="http://www.w3.org/2001/XMLSchema-instance" xsi:noNamespaceSchemaLocation="https://maven.apache.org/surefire/maven-surefire-plugin/xsd/surefire-test-report.xsd" name="test.SearchTest" time="36.865" tests="2" errors="1" skipped="0" failures="0">
  <properties>
[...]
</properties>
  <testcase name="searchNikonCamera" classname="test.SearchTest" time="31.9">
    <error message="timeout: Timed out receiving message from renderer: 29,759&#10;  (Session info: chrome=88.0.4324.96)&#10;Build info: version: &apos;3.141.59&apos;, revision: &apos;e82be7d358&apos;, time: &apos;2018-11-14T08:17:03&apos;&#10;System info: host: &apos;aantonovs&apos;, ip: &apos;127.0.1.1&apos;, os.name: &apos;Linux&apos;, os.arch: &apos;amd64&apos;, os.version: &apos;5.4.0-66-generic&apos;, java.version: &apos;11.0.10&apos;&#10;Driver info: org.openqa.selenium.chrome.ChromeDriver&#10;selenide.url: http://www.demoshop24.com&#10;Capabilities {acceptInsecureCerts: true, browserName: chrome, browserVersion: 88.0.4324.96, chrome: {chromedriverVersion: 88.0.4324.96 (68dba2d8a0b14..., userDataDir: /tmp/.com.google.Chrome.n4g2GK}, goog:chromeOptions: {debuggerAddress: localhost:40747}, javascriptEnabled: true, networkConnectionEnabled: false, pageLoadStrategy: normal, platform: LINUX, platformName: LINUX, proxy: Proxy(), setWindowRect: true, strictFileInteractability: false, timeouts: {implicit: 0, pageLoad: 300000, script: 30000}, unhandledPromptBehavior: dismiss and notify, webauthn:extension:largeBlob: true, webauthn:virtualAuthenticators: true}&#10;selenide.baseUrl: http://localhost:8080&#10;Session ID: f256ea62823ced78ded9ce5d31e78331" type="org.openqa.selenium.TimeoutException">org.openqa.selenium.TimeoutException: 
timeout: Timed out receiving message from renderer: 29,759
  (Session info: chrome=88.0.4324.96)
Build info: version: '3.141.59', revision: 'e82be7d358', time: '2018-11-14T08:17:03'
System info: host: 'aantonovs', ip: '127.0.1.1', os.name: 'Linux', os.arch: 'amd64', os.version: '5.4.0-66-generic', java.version: '11.0.10'
Driver info: org.openqa.selenium.chrome.ChromeDriver
selenide.url: http://www.demoshop24.com
Capabilities {acceptInsecureCerts: true, browserName: chrome, browserVersion: 88.0.4324.96, chrome: {chromedriverVersion: 88.0.4324.96 (68dba2d8a0b14..., userDataDir: /tmp/.com.google.Chrome.n4g2GK}, goog:chromeOptions: {debuggerAddress: localhost:40747}, javascriptEnabled: true, networkConnectionEnabled: false, pageLoadStrategy: normal, platform: LINUX, platformName: LINUX, proxy: Proxy(), setWindowRect: true, strictFileInteractability: false, timeouts: {implicit: 0, pageLoad: 300000, script: 30000}, unhandledPromptBehavior: dismiss and notify, webauthn:extension:largeBlob: true, webauthn:virtualAuthenticators: true}
selenide.baseUrl: http://localhost:8080
Session ID: f256ea62823ced78ded9ce5d31e78331
	at test.SearchTest.searchNikonCamera(SearchTest.java:16)
</error>
    <system-err><![CDATA[SLF4J: Class path contains multiple SLF4J bindings.
SLF4J: Found binding in [jar:file:/home/aantonovs/.m2/repository/org/slf4j/slf4j-simple/1.7.30/slf4j-simple-1.7.30.jar!/org/slf4j/impl/StaticLoggerBinder.class]
SLF4J: Found binding in [jar:file:/home/aantonovs/.m2/repository/org/apache/logging/log4j/log4j-slf4j-impl/2.13.1/log4j-slf4j-impl-2.13.1.jar!/org/slf4j/impl/StaticLoggerBinder.class]
SLF4J: See http://www.slf4j.org/codes.html#multiple_bindings for an explanation.
SLF4J: Actual binding is of type [org.slf4j.impl.SimpleLoggerFactory]
[main] INFO com.codeborne.selenide.impl.WebDriverThreadLocalContainer - No webdriver is bound to current thread: 1 - let's create a new webdriver
[main] INFO com.codeborne.selenide.impl.FileHelper - Creating folder: /home/aantonovs/IdeaProjects/accentureHomeWork/build/downloads/1615807372937_29755_1
[main] INFO io.github.bonigarcia.wdm.WebDriverManager - Using chromedriver 88.0.4324.96 (resolved driver for Chrome 88)
[main] INFO io.github.bonigarcia.wdm.WebDriverManager - Exporting webdriver.chrome.driver as /home/aantonovs/.cache/selenium/chromedriver/linux64/88.0.4324.96/chromedriver
Starting ChromeDriver 88.0.4324.96 (68dba2d8a0b149a1d3afac56fa74648032bcf46b-refs/branch-heads/4324@{#1784}) on port 30144
Only local connections are allowed.
Please see https://chromedriver.chromium.org/security-considerations for suggestions on keeping ChromeDriver safe.
ChromeDriver was started successfully.
Mar 15, 2021 1:22:54 PM org.openqa.selenium.remote.ProtocolHandshake createSession
INFO: Detected dialect: W3C
[main] INFO com.codeborne.selenide.webdriver.BrowserResizer - Set browser size to 1366x768
[main] INFO com.codeborne.selenide.webdriver.WebDriverFactory - BrowserName=chrome Version=88.0.4324.96 Platform=LINUX
[main] INFO com.codeborne.selenide.webdriver.WebDriverFactory - Selenide v. 5.18.1
[main] INFO com.codeborne.selenide.webdriver.WebDriverFactory - Selenium WebDriver v. 3.141.59 build time: 2018-11-14T08:17:03
[main] INFO com.codeborne.selenide.drivercommands.CreateDriverCommand - Create webdriver in current thread 1: ChromeDriver -> ChromeDriver: chrome on LINUX (f256ea62823ced78ded9ce5d31e78331)
[1615807404,595][SEVERE]: Timed out receiving message from renderer: 29,759
[1615807404,606][SEVERE]: Timed out receiving message from renderer: 29,759
]]></system-err>
  </testcase>
  <testcase name="searchMacBookPro" classname="test.SearchTest" time="4.744"/>
</testsuite>